This is pdfTeX, Version 3.14159265-2.6-1.40.17 (TeX Live 2016) (preloaded format=pdflatex 2016.5.22)  15 OCT 2017 23:46
entering extended mode
 restricted \write18 enabled.
 %&-line parsing enabled.
**geo.js
(./geo.js
LaTeX2e <2016/03/31>
Babel <3.9r> and hyphenation patterns for 83 language(s) loaded.

! LaTeX Error: Missing \begin{document}.

See the LaTeX manual or LaTeX Companion for explanation.
Type  H <return>  for immediate help.
 ...                                              
                                                  
l.1 v
     ar key = 'AIzaSyA-vgAZyJIqhPtREMEyMUvsPetu8sQEPXY'
? ^^D
Type <return> to proceed, S to scroll future error messages,
R to run without stopping, Q to run quietly,
I to insert something, E to edit your file,
1 or ... or 9 to ignore the next 1 to 9 tokens of input,
H for help, X to quit.
? 
! Interruption.
\GenericError  ...                                
                                                  \endgroup 
l.1 v
     ar key = 'AIzaSyA-vgAZyJIqhPtREMEyMUvsPetu8sQEPXY'
? 
! Emergency stop.
\GenericError  ...                                
                                                  \endgroup 
l.1 v
     ar key = 'AIzaSyA-vgAZyJIqhPtREMEyMUvsPetu8sQEPXY'
End of file on the terminal!

 
Here is how much of TeX's memory you used:
 6 strings out of 493014
 112 string characters out of 6133351
 53601 words of memory out of 5000000
 3648 multiletter control sequences out of 15000+600000
 3640 words of font info for 14 fonts, out of 8000000 for 9000
 1141 hyphenation exceptions out of 8191
 5i,0n,4p,62b,14s stack positions out of 5000i,500n,10000p,200000b,80000s
!  ==> Fatal error occurred, no output PDF file produced!
